============================================================================================== 
Warning! Mixing Conda and module environments may lead to corruption of the
user environment. 
We do not recommend users mixing those two environments unless absolutely
necessary. Note that 
SURF does not provide any support for Conda environment.
For more information, please refer to our software policy page:
https://servicedesk.surf.nl/wiki/display/WIKI/Software+policy+Snellius+and+Lisa#SoftwarepolicySnelliusandLisa-UseofAnacondaandMinicondaenvironmentsonSnellius 

Remember that many packages have already been installed on the system and can
be loaded using 
the 'module load <package__name>' command. If you are uncertain if a package is
already available 
on the system, please use 'module avail' or 'module spider' to search for it.
============================================================================================== 
Files already downloaded and verified
Traceback (most recent call last):
  File "/home/scur1301/uvadlc_practicals_2023/assignment2/part1/train.py", line 311, in <module>
    main(**kwargs)
  File "/home/scur1301/uvadlc_practicals_2023/assignment2/part1/train.py", line 276, in main
    acc = evaluate_model(model, cifar10_test_dataloader, device)
          ^^^^^^^^^^^^^^^^^^^^^^^^^^^^^^^^^^^^^^^^^^^^^^^^^^^^^^
  File "/home/scur1301/uvadlc_practicals_2023/assignment2/part1/train.py", line 224, in evaluate_model
    for imgs, labels in data_loader:
  File "/home/scur1301/.conda/envs/dl2023/lib/python3.11/site-packages/torch/utils/data/dataloader.py", line 630, in __next__
    data = self._next_data()
           ^^^^^^^^^^^^^^^^^
  File "/home/scur1301/.conda/envs/dl2023/lib/python3.11/site-packages/torch/utils/data/dataloader.py", line 674, in _next_data
    data = self._dataset_fetcher.fetch(index)  # may raise StopIteration
           ^^^^^^^^^^^^^^^^^^^^^^^^^^^^^^^^^^
  File "/home/scur1301/.conda/envs/dl2023/lib/python3.11/site-packages/torch/utils/data/_utils/fetch.py", line 51, in fetch
    data = [self.dataset[idx] for idx in possibly_batched_index]
           ^^^^^^^^^^^^^^^^^^^^^^^^^^^^^^^^^^^^^^^^^^^^^^^^^^^^^
  File "/home/scur1301/.conda/envs/dl2023/lib/python3.11/site-packages/torch/utils/data/_utils/fetch.py", line 51, in <listcomp>
    data = [self.dataset[idx] for idx in possibly_batched_index]
            ~~~~~~~~~~~~^^^^^
  File "/home/scur1301/.conda/envs/dl2023/lib/python3.11/site-packages/torchvision/datasets/cifar.py", line 118, in __getitem__
    img = self.transform(img)
          ^^^^^^^^^^^^^^^^^^^
  File "/home/scur1301/.conda/envs/dl2023/lib/python3.11/site-packages/torchvision/transforms/transforms.py", line 95, in __call__
    img = t(img)
          ^^^^^^
  File "/gpfs/home6/scur1301/uvadlc_practicals_2023/assignment2/part1/cifar100_utils.py", line 50, in __call__
    noise = torch.sqrt(self.std)*normal_noise + self.mean
            ^^^^^^^^^^^^^^^^^^^^
TypeError: sqrt(): argument 'input' (position 1) must be Tensor, not float

JOB STATISTICS
==============
Job ID: 4534699
Cluster: snellius
User/Group: scur1301/scur1301
State: FAILED (exit code 1)
Nodes: 1
Cores per node: 18
CPU Utilized: 00:00:11
CPU Efficiency: 4.37% of 00:04:12 core-walltime
Job Wall-clock time: 00:00:14
Memory Utilized: 1.17 MB
Memory Efficiency: 0.00% of 120.00 GB
