============================================================================================== 
Warning! Mixing Conda and module environments may lead to corruption of the
user environment. 
We do not recommend users mixing those two environments unless absolutely
necessary. Note that 
SURF does not provide any support for Conda environment.
For more information, please refer to our software policy page:
https://servicedesk.surf.nl/wiki/display/WIKI/Software+policy+Snellius+and+Lisa#SoftwarepolicySnelliusandLisa-UseofAnacondaandMinicondaenvironmentsonSnellius 

Remember that many packages have already been installed on the system and can
be loaded using 
the 'module load <package__name>' command. If you are uncertain if a package is
already available 
on the system, please use 'module avail' or 'module spider' to search for it.
============================================================================================== 
Running experiment on cifar10 with fixed_patch and prompt size 1
Namespace(print_freq=10, save_freq=50, batch_size=128, num_workers=16, epochs=20, square_size=8, optim='sgd', learning_rate=40, weight_decay=0, warmup=1000, momentum=0.9, patience=1000, model='clip', arch='ViT-B/32', prompt_type='visual_prompt', prompt_num=4, injection_layer=0, method='fixed_patch', prompt_size=1, text_prompt_template='This is a photo of a {}', visualize_prompt=False, root='/scratch-local/scur1301', dataset='cifar10', image_size=224, test_noise=False, seed=0, model_dir='./save/models', image_dir='./save/images', filename='fixed_patch_1_cifar10_clip_ViT-B/32_sgd_lr_40_decay_0_bsz_128_warmup_1000_trial_1', trial=1, resume=None, evaluate=False, gpu=None, use_wandb=False, device='cuda', model_folder='./save/models/fixed_patch_1_cifar10_clip_ViT-B/32_sgd_lr_40_decay_0_bsz_128_warmup_1000_trial_1')
Files already downloaded and verified
Files already downloaded and verified
Building custom CLIP
Loading CLIP (backbone: ViT-B/32)
List of prompts:
['This is a photo of a airplane',
 'This is a photo of a automobile',
 'This is a photo of a bird',
 'This is a photo of a cat',
 'This is a photo of a deer',
 'This is a photo of a dog',
 'This is a photo of a frog',
 'This is a photo of a horse',
 'This is a photo of a ship',
 'This is a photo of a truck']
Turning off gradients in both the image and the text encoder
Parameters to be updated:
Parameters to be updated: {'prompt_learner.patch'}
Parameters to be updated:
"Parameters to be updated: {'prompt_learner.patch'}"
Number of prompt parameters:  3
  0%|          | 0/313 [00:00<?, ?it/s]/home/scur1301/.conda/envs/dl2023/lib/python3.11/site-packages/torch/nn/modules/conv.py:456: UserWarning: Applied workaround for CuDNN issue, install nvrtc.so (Triggered internally at /opt/conda/conda-bld/pytorch_1695392026823/work/aten/src/ATen/native/cudnn/Conv_v8.cpp:80.)
  return F.conv2d(input, weight, bias, self.stride,
  0%|          | 0/313 [00:01<?, ?it/s]
Traceback (most recent call last):
  File "/gpfs/home6/scur1301/uvadlc_practicals_2023/assignment2/part2/.//main.py", line 153, in <module>
    main()
  File "/gpfs/home6/scur1301/uvadlc_practicals_2023/assignment2/part2/.//main.py", line 147, in main
    learn.run()
  File "/gpfs/home6/scur1301/uvadlc_practicals_2023/assignment2/part2/learner.py", line 162, in run
    self.train_one_epoch(epoch)
  File "/gpfs/home6/scur1301/uvadlc_practicals_2023/assignment2/part2/learner.py", line 243, in train_one_epoch
    output = self.clip(images)
             ^^^^^^^^^^^^^^^^^
  File "/home/scur1301/.conda/envs/dl2023/lib/python3.11/site-packages/torch/nn/modules/module.py", line 1518, in _wrapped_call_impl
    return self._call_impl(*args, **kwargs)
           ^^^^^^^^^^^^^^^^^^^^^^^^^^^^^^^^
  File "/home/scur1301/.conda/envs/dl2023/lib/python3.11/site-packages/torch/nn/modules/module.py", line 1527, in _call_impl
    return forward_call(*args, **kwargs)
           ^^^^^^^^^^^^^^^^^^^^^^^^^^^^^
  File "/gpfs/home6/scur1301/uvadlc_practicals_2023/assignment2/part2/vpt_model.py", line 124, in forward
    similarity_logits = (self.clip_model.logit_scale * image_features_normalized @ self.text_features.T)
                                                       ^^^^^^^^^^^^^^^^^^^^^^^^^
NameError: name 'image_features_normalized' is not defined

JOB STATISTICS
==============
Job ID: 4526291
Cluster: snellius
User/Group: scur1301/scur1301
State: RUNNING
Nodes: 1
Cores per node: 18
CPU Utilized: 00:00:00
CPU Efficiency: 0.00% of 00:06:18 core-walltime
Job Wall-clock time: 00:00:21
Memory Utilized: 0.00 MB (estimated maximum)
Memory Efficiency: 0.00% of 31.25 GB (31.25 GB/node)
WARNING: Efficiency statistics may be misleading for RUNNING jobs.
